[2022-11-04T19:31:09.433] [INFO] access - path:/login
[2022-11-04T19:31:27.386] [INFO] access - path:/data/addnote
[2022-11-04T19:32:54.371] [INFO] access - path:/data/note
[2022-11-04T19:33:20.298] [INFO] access - path:/data/note
[2022-11-04T19:34:01.025] [INFO] access - path:/data/note
[2022-11-04T19:36:03.105] [INFO] access - path:/data/note
[2022-11-04T19:37:08.056] [INFO] access - path:/data/note
[2022-11-04T19:37:27.353] [INFO] access - path:/data/note
[2022-11-04T19:38:24.545] [INFO] access - path:/data/note
[2022-11-04T19:39:03.829] [INFO] access - path:/data/note
[2022-11-04T19:39:22.226] [INFO] access - path:/data/note
[2022-11-04T19:40:15.885] [INFO] access - path:/data/note
[2022-11-04T19:41:00.697] [INFO] access - path:/data/note
[2022-11-04T19:42:05.421] [INFO] access - path:/data/note
[2022-11-04T19:42:18.980] [INFO] access - path:/data/note
[2022-11-04T20:23:30.450] [INFO] access - path:/data/note
[2022-11-04T20:23:33.084] [INFO] access - path:/data/note
[2022-11-04T20:23:38.577] [INFO] access - path:/data/note
[2022-11-04T20:24:11.662] [INFO] access - path:/data/note
[2022-11-04T20:24:57.934] [INFO] access - path:/data/note
[2022-11-04T20:25:00.359] [INFO] access - path:/data/note
[2022-11-04T20:25:41.985] [INFO] access - path:/data/note
[2022-11-04T20:26:14.617] [INFO] access - path:/data/note
[2022-11-04T20:26:28.867] [INFO] access - path:/data/note
[2022-11-04T20:32:10.133] [INFO] access - path:/data/note
[2022-11-04T20:35:31.757] [INFO] access - path:/data/note
[2022-11-04T20:36:06.177] [INFO] access - path:/data/note
[2022-11-04T20:36:08.201] [INFO] access - path:/data/note
[2022-11-04T20:36:37.547] [INFO] access - path:/data/note
[2022-11-04T20:36:48.073] [INFO] access - path:/data/note
[2022-11-04T20:37:35.452] [INFO] access - path:/data/note
[2022-11-07T21:44:28.586] [INFO] access - path:/
[2022-11-07T21:44:29.090] [INFO] access - path:/favicon.ico
[2022-11-07T21:44:40.274] [INFO] access - path:/login
[2022-11-07T21:45:44.287] [INFO] access - path:/
[2022-11-07T21:45:50.604] [INFO] access - path:/login
[2022-11-07T21:46:10.962] [INFO] access - path:/login
[2022-11-07T21:48:14.266] [INFO] access - path:/login
[2022-11-07T21:48:30.915] [INFO] access - path:/data/note
[2022-11-07T21:51:26.657] [INFO] access - path:/data/note
[2022-11-08T15:41:16.647] [INFO] access - path:/login
[2022-11-08T15:41:28.724] [INFO] access - path:/data/note
[2022-11-08T15:41:40.285] [INFO] access - path:/data/note
[2022-11-08T15:42:01.429] [INFO] access - path:/data/note
[2022-11-08T15:44:51.768] [INFO] access - path:/data/note
[2022-11-08T15:45:29.057] [INFO] access - path:/data/note
[2022-11-09T14:44:36.203] [INFO] access - path:/login
[2022-11-09T15:58:56.194] [INFO] access - path:/data/write
[2022-11-09T15:59:57.986] [INFO] access - path:/data/write
[2022-11-09T16:00:04.471] [INFO] access - path:/data/write
[2022-11-09T16:13:44.760] [INFO] access - path:/data/write
[2022-11-09T16:15:13.803] [INFO] access - path:/data/write
[2022-11-09T16:16:09.953] [INFO] access - path:/data/write
[2022-11-09T16:17:06.800] [INFO] access - path:/data/write
[2022-11-09T16:17:52.462] [INFO] access - path:/data/write
[2022-11-09T16:20:15.915] [INFO] access - path:/data/write
[2022-11-09T16:20:30.400] [INFO] access - path:/data/write
[2022-11-09T16:20:54.565] [INFO] access - path:/data/write
[2022-11-09T16:21:54.597] [INFO] access - path:/data/write
[2022-11-09T16:22:09.956] [INFO] access - path:/data/write
[2022-11-09T16:22:16.420] [INFO] access - path:/data/write
[2022-11-09T16:22:18.904] [INFO] access - path:/data/write
[2022-11-09T16:22:51.526] [INFO] access - path:/data/write
[2022-11-09T16:23:29.333] [INFO] access - path:/data/write
[2022-11-09T16:23:31.326] [INFO] access - path:/data/write
[2022-11-09T16:23:43.739] [INFO] access - path:/data/write
[2022-11-09T16:23:44.596] [INFO] access - path:/data/write
[2022-11-09T16:24:15.438] [INFO] access - path:/data/write
[2022-11-09T16:24:29.051] [INFO] access - path:/data/write
[2022-11-09T16:24:30.827] [INFO] access - path:/data/write
[2022-11-09T16:51:45.653] [INFO] access - path:/data/note
[2022-11-09T16:52:49.129] [INFO] access - path:/data/note
[2022-11-09T16:55:33.436] [INFO] access - path:/login
[2022-11-09T16:55:34.775] [INFO] access - path:/data/note
[2022-11-09T16:56:21.305] [INFO] access - path:/data/note
[2022-11-09T16:56:54.121] [INFO] access - path:/data/note
[2022-11-09T16:56:56.390] [INFO] access - path:/data/note
[2022-11-09T16:57:14.866] [INFO] access - path:/data/note
[2022-11-09T16:57:16.181] [INFO] access - path:/data/note
[2022-11-09T16:57:27.911] [INFO] access - path:/data/note
[2022-11-09T16:57:29.354] [INFO] access - path:/data/note
[2022-11-09T16:57:50.045] [INFO] access - path:/data/note
[2022-11-09T16:57:51.986] [INFO] access - path:/data/note
[2022-11-09T16:58:18.561] [INFO] access - path:/data/note
[2022-11-09T16:58:19.760] [INFO] access - path:/data/note
[2022-11-09T16:58:32.503] [INFO] access - path:/data/note
[2022-11-09T16:58:34.194] [INFO] access - path:/data/note
[2022-11-12T19:29:45.191] [INFO] access - path:/login
[2022-11-12T19:30:07.774] [INFO] access - path:/data/note
[2022-11-12T19:30:39.424] [INFO] access - path:/data/note
[2022-11-12T19:30:50.371] [INFO] access - path:/data/note
[2022-11-12T19:31:14.910] [INFO] access - path:/data/note
[2022-11-12T19:31:29.879] [INFO] access - path:/data/note
[2022-11-12T19:31:43.165] [INFO] access - path:/data/note
[2022-11-12T19:32:22.463] [INFO] access - path:/data/note
[2022-11-12T19:41:51.399] [INFO] access - path:/data/note
[2022-11-13T17:28:57.211] [INFO] access - path:/
[2022-11-13T17:29:25.777] [INFO] access - path:/login
[2022-11-13T17:29:34.394] [INFO] access - path:/data/note
[2022-11-13T17:30:50.564] [INFO] access - path:/data/note
[2022-11-13T17:38:48.838] [INFO] access - path:/data/note
[2022-11-13T18:09:09.043] [INFO] access - path:/data/note
[2022-11-13T18:09:33.098] [INFO] access - path:/data/note
[2022-11-13T18:10:01.132] [INFO] access - path:/data/note
[2022-11-13T18:10:24.474] [INFO] access - path:/data/note
[2022-11-13T20:49:04.146] [INFO] access - path:/data/note
[2022-11-13T20:50:05.016] [INFO] access - path:/login
[2022-11-13T20:50:16.666] [INFO] access - path:/data/note
[2022-11-13T20:57:46.343] [INFO] access - path:/data/note
[2022-11-13T21:00:03.961] [INFO] access - path:/data/note
[2022-11-13T21:13:25.265] [INFO] access - path:/data/note
[2022-11-13T21:13:36.500] [INFO] access - path:/data/note
[2022-11-13T21:51:32.271] [INFO] access - path:/data/note
[2022-11-13T21:54:55.560] [INFO] access - path:/tokenlogin
[2022-11-13T21:54:59.172] [INFO] access - path:/login
[2022-11-13T21:55:00.396] [INFO] access - path:/tokenlogin
[2022-11-13T21:55:00.401] [INFO] access - path:/tokenlogin
[2022-11-13T21:55:00.406] [INFO] access - path:/tokenlogin
[2022-11-13T21:55:00.410] [INFO] access - path:/tokenlogin
[2022-11-13T21:55:00.415] [INFO] access - path:/tokenlogin
[2022-11-13T21:55:00.419] [INFO] access - path:/tokenlogin
[2022-11-13T21:55:00.424] [INFO] access - path:/tokenlogin
[2022-11-13T21:55:00.429] [INFO] access - path:/tokenlogin
[2022-11-13T21:55:00.433] [INFO] access - path:/tokenlogin
[2022-11-13T21:55:00.438] [INFO] access - path:/tokenlogin
[2022-11-13T21:55:00.442] [INFO] access - path:/tokenlogin
[2022-11-13T21:55:00.446] [INFO] access - path:/tokenlogin
[2022-11-13T21:55:05.389] [INFO] access - path:/login
[2022-11-13T21:55:06.440] [INFO] access - path:/tokenlogin
[2022-11-13T21:55:06.449] [INFO] access - path:/tokenlogin
[2022-11-13T21:55:06.455] [INFO] access - path:/tokenlogin
[2022-11-13T21:55:06.460] [INFO] access - path:/tokenlogin
[2022-11-13T21:55:06.465] [INFO] access - path:/tokenlogin
[2022-11-13T21:55:06.469] [INFO] access - path:/tokenlogin
[2022-11-13T21:55:06.474] [INFO] access - path:/tokenlogin
[2022-11-13T21:55:06.478] [INFO] access - path:/tokenlogin
[2022-11-13T21:55:06.482] [INFO] access - path:/tokenlogin
[2022-11-13T21:55:06.487] [INFO] access - path:/tokenlogin
[2022-11-13T21:55:06.492] [INFO] access - path:/tokenlogin
[2022-11-13T21:55:06.496] [INFO] access - path:/tokenlogin
[2022-11-13T21:55:07.300] [INFO] access - path:/login
[2022-11-13T21:55:07.897] [INFO] access - path:/tokenlogin
[2022-11-13T21:55:07.903] [INFO] access - path:/tokenlogin
[2022-11-13T21:55:07.908] [INFO] access - path:/tokenlogin
[2022-11-13T21:55:07.914] [INFO] access - path:/tokenlogin
[2022-11-13T21:55:07.918] [INFO] access - path:/tokenlogin
[2022-11-13T21:55:07.923] [INFO] access - path:/tokenlogin
[2022-11-13T21:55:07.928] [INFO] access - path:/tokenlogin
[2022-11-13T21:55:07.932] [INFO] access - path:/tokenlogin
[2022-11-13T21:55:07.936] [INFO] access - path:/tokenlogin
[2022-11-13T21:55:07.940] [INFO] access - path:/tokenlogin
[2022-11-13T21:55:07.944] [INFO] access - path:/tokenlogin
[2022-11-13T21:55:07.948] [INFO] access - path:/tokenlogin
[2022-11-13T21:55:44.535] [INFO] access - path:/tokenlogin
[2022-11-13T21:55:47.693] [INFO] access - path:/tokenlogin
[2022-11-13T21:55:47.707] [INFO] access - path:/tokenlogin
[2022-11-13T21:55:47.715] [INFO] access - path:/tokenlogin
[2022-11-13T21:55:47.730] [INFO] access - path:/tokenlogin
[2022-11-13T21:55:47.740] [INFO] access - path:/tokenlogin
[2022-11-13T21:55:47.748] [INFO] access - path:/tokenlogin
[2022-11-13T21:55:47.756] [INFO] access - path:/tokenlogin
[2022-11-13T21:55:47.762] [INFO] access - path:/tokenlogin
[2022-11-13T21:55:47.769] [INFO] access - path:/tokenlogin
[2022-11-13T21:55:47.778] [INFO] access - path:/tokenlogin
[2022-11-13T21:55:47.787] [INFO] access - path:/tokenlogin
[2022-11-13T21:57:27.835] [INFO] access - path:/tokenlogin
[2022-11-13T21:57:30.501] [INFO] access - path:/tokenlogin
[2022-11-13T21:57:34.622] [INFO] access - path:/tokenlogin
[2022-11-13T21:57:34.645] [INFO] access - path:/tokenlogin
[2022-11-13T21:57:34.655] [INFO] access - path:/tokenlogin
[2022-11-13T21:57:34.665] [INFO] access - path:/tokenlogin
[2022-11-13T21:57:34.672] [INFO] access - path:/tokenlogin
[2022-11-13T21:57:34.678] [INFO] access - path:/tokenlogin
[2022-11-13T21:57:34.684] [INFO] access - path:/tokenlogin
[2022-11-13T21:57:34.692] [INFO] access - path:/tokenlogin
[2022-11-13T21:57:34.698] [INFO] access - path:/tokenlogin
[2022-11-13T21:57:34.706] [INFO] access - path:/tokenlogin
[2022-11-13T21:57:34.713] [INFO] access - path:/tokenlogin
[2022-11-13T21:57:58.355] [INFO] access - path:/tokenlogin
[2022-11-13T21:57:59.736] [INFO] access - path:/tokenlogin
[2022-11-13T21:57:59.760] [INFO] access - path:/tokenlogin
[2022-11-13T21:57:59.768] [INFO] access - path:/tokenlogin
[2022-11-13T21:57:59.776] [INFO] access - path:/tokenlogin
[2022-11-13T21:57:59.782] [INFO] access - path:/tokenlogin
[2022-11-13T21:57:59.789] [INFO] access - path:/tokenlogin
[2022-11-13T21:57:59.794] [INFO] access - path:/tokenlogin
[2022-11-13T21:57:59.800] [INFO] access - path:/tokenlogin
[2022-11-13T21:57:59.806] [INFO] access - path:/tokenlogin
[2022-11-13T21:57:59.815] [INFO] access - path:/tokenlogin
[2022-11-13T21:57:59.824] [INFO] access - path:/tokenlogin
[2022-11-13T21:58:24.352] [INFO] access - path:/login
[2022-11-13T21:58:25.295] [INFO] access - path:/tokenlogin
[2022-11-13T21:58:25.302] [INFO] access - path:/tokenlogin
[2022-11-13T21:58:25.309] [INFO] access - path:/tokenlogin
[2022-11-13T21:58:25.315] [INFO] access - path:/tokenlogin
[2022-11-13T21:58:25.321] [INFO] access - path:/tokenlogin
[2022-11-13T21:58:25.327] [INFO] access - path:/tokenlogin
[2022-11-13T21:58:25.334] [INFO] access - path:/tokenlogin
[2022-11-13T21:58:25.339] [INFO] access - path:/tokenlogin
[2022-11-13T21:58:25.344] [INFO] access - path:/tokenlogin
[2022-11-13T21:58:25.350] [INFO] access - path:/tokenlogin
[2022-11-13T21:58:25.357] [INFO] access - path:/tokenlogin
[2022-11-13T21:58:25.363] [INFO] access - path:/tokenlogin
[2022-11-13T21:58:35.463] [INFO] access - path:/tokenlogin
[2022-11-13T21:58:37.083] [INFO] access - path:/data/note
[2022-11-13T22:00:58.843] [INFO] access - path:/data/note
[2022-11-13T22:01:00.360] [INFO] access - path:/data/note
[2022-11-13T22:02:09.488] [INFO] access - path:/data/note
[2022-11-13T22:02:21.502] [INFO] access - path:/data/note
[2022-11-13T22:02:55.070] [INFO] access - path:/data/note
[2022-11-13T22:04:07.373] [INFO] access - path:/data/note
[2022-11-13T22:04:19.515] [INFO] access - path:/data/write
[2022-11-13T22:04:21.929] [INFO] access - path:/data/note
[2022-11-13T22:04:27.963] [INFO] access - path:/data/write
[2022-11-13T22:04:30.971] [INFO] access - path:/data/note
[2022-11-13T22:12:51.040] [INFO] access - path:/data/write
[2022-11-13T22:12:53.914] [INFO] access - path:/data/note
[2022-11-13T22:13:24.654] [INFO] access - path:/data/write
[2022-11-13T22:13:27.011] [INFO] access - path:/data/note
[2022-11-13T22:19:01.232] [INFO] access - path:/data/write
[2022-11-13T22:19:03.409] [INFO] access - path:/data/note
[2022-11-13T22:19:15.022] [INFO] access - path:/data/note
[2022-11-13T22:19:46.569] [INFO] access - path:/data/write
[2022-11-13T22:19:48.748] [INFO] access - path:/data/note
[2022-11-13T22:20:05.723] [INFO] access - path:/data/write
[2022-11-13T22:20:07.883] [INFO] access - path:/data/note
[2022-11-13T22:21:42.061] [INFO] access - path:/data/note
[2022-11-13T22:22:53.379] [INFO] access - path:/data/note
[2022-11-13T22:28:28.994] [INFO] access - path:/data/note
[2022-11-13T22:28:33.841] [INFO] access - path:/data/note
[2022-11-13T22:28:39.733] [INFO] access - path:/data/write
[2022-11-13T22:28:47.380] [INFO] access - path:/data/write
[2022-11-13T22:31:29.884] [INFO] access - path:/data/write
[2022-11-13T22:32:29.319] [INFO] access - path:/data/note
[2022-11-13T22:32:39.741] [INFO] access - path:/data/write
[2022-11-13T22:33:01.751] [INFO] access - path:/data/write
[2022-11-13T22:33:38.025] [INFO] access - path:/data/write
[2022-11-13T22:34:28.219] [INFO] access - path:/data/write
[2022-11-13T22:34:51.076] [INFO] access - path:/data/write
[2022-11-13T22:36:53.995] [INFO] access - path:/data/write
[2022-11-13T22:37:20.726] [INFO] access - path:/data/write
[2022-11-13T22:38:03.837] [INFO] access - path:/data/write
[2022-11-13T22:38:33.557] [INFO] access - path:/data/write
[2022-11-13T22:39:08.919] [INFO] access - path:/data/write
[2022-11-13T22:39:11.015] [INFO] access - path:/data/note
[2022-11-13T22:41:35.022] [INFO] access - path:/data/write
[2022-11-13T22:41:37.689] [INFO] access - path:/data/note
[2022-11-13T23:02:31.727] [INFO] access - path:/data/note
[2022-11-13T23:02:47.473] [INFO] access - path:/data/note
[2022-11-13T23:02:52.278] [INFO] access - path:/data/note
[2022-11-13T23:03:11.378] [INFO] access - path:/data/write
[2022-11-13T23:03:13.777] [INFO] access - path:/data/note
[2022-11-13T23:03:20.096] [INFO] access - path:/data/write
[2022-11-13T23:03:23.486] [INFO] access - path:/data/note
[2022-11-13T23:03:29.236] [INFO] access - path:/data/write
[2022-11-13T23:03:31.895] [INFO] access - path:/data/note
[2022-11-13T23:03:38.997] [INFO] access - path:/data/note
[2022-11-13T23:03:44.172] [INFO] access - path:/data/note
[2022-11-13T23:03:47.986] [INFO] access - path:/data/write
[2022-11-13T23:03:50.733] [INFO] access - path:/data/note
[2022-11-13T23:07:05.778] [INFO] access - path:/data/note
[2022-11-13T23:07:12.445] [INFO] access - path:/data/write
[2022-11-13T23:07:14.968] [INFO] access - path:/data/note
[2022-11-13T23:08:27.688] [INFO] access - path:/data/note
[2022-11-13T23:10:39.372] [INFO] access - path:/data/note
[2022-11-13T23:12:12.609] [INFO] access - path:/data/note
[2022-11-13T23:12:38.955] [INFO] access - path:/data/note
[2022-11-13T23:13:45.649] [INFO] access - path:/data/write
[2022-11-13T23:13:48.417] [INFO] access - path:/data/note
[2022-11-13T23:14:52.479] [INFO] access - path:/data/note
[2022-11-13T23:15:00.474] [INFO] access - path:/data/write
[2022-11-13T23:15:02.960] [INFO] access - path:/data/note
[2022-11-15T22:11:38.210] [INFO] access - path:/login
[2022-11-15T22:11:40.076] [INFO] access - path:/data/note
[2022-11-16T13:08:31.725] [INFO] access - path:/tokenlogin
[2022-11-16T13:08:34.568] [INFO] access - path:/login
[2022-11-16T13:08:36.365] [INFO] access - path:/data/note
[2022-11-16T13:08:39.525] [INFO] access - path:/data/write
[2022-11-16T13:08:42.091] [INFO] access - path:/data/note
[2022-11-16T13:09:02.382] [INFO] access - path:/data/write
[2022-11-16T13:09:04.765] [INFO] access - path:/data/note
[2022-11-16T13:09:55.706] [INFO] access - path:/data/write
[2022-11-16T13:10:21.265] [INFO] access - path:/data/write
[2022-11-16T13:10:26.106] [INFO] access - path:/data/note
[2022-11-16T13:13:48.413] [INFO] access - path:/data/write
[2022-11-16T13:14:24.773] [INFO] access - path:/data/note
[2022-11-16T13:14:33.778] [INFO] access - path:/data/write
[2022-11-16T13:14:36.027] [INFO] access - path:/data/note
[2022-11-16T13:16:33.310] [INFO] access - path:/data/write
[2022-11-16T13:17:04.369] [INFO] access - path:/data/write
[2022-11-16T13:18:19.701] [INFO] access - path:/data/write
[2022-11-16T13:20:18.863] [INFO] access - path:/data/write
[2022-11-16T13:27:53.018] [INFO] access - path:/data/write
[2022-11-16T13:28:18.347] [INFO] access - path:/data/write
[2022-11-16T13:29:03.320] [INFO] access - path:/data/write
[2022-11-16T13:31:05.310] [INFO] access - path:/data/write
[2022-11-16T13:31:44.210] [INFO] access - path:/data/write
[2022-11-16T13:32:11.475] [INFO] access - path:/data/write
[2022-11-16T13:32:45.278] [INFO] access - path:/tokenlogin
[2022-11-16T13:32:46.880] [INFO] access - path:/data/note
[2022-11-16T13:33:26.503] [INFO] access - path:/login
[2022-11-16T13:35:12.208] [INFO] access - path:/data/write
[2022-11-16T13:35:36.752] [INFO] access - path:/data/write
[2022-11-16T13:36:00.785] [INFO] access - path:/tokenlogin
[2022-11-16T13:36:02.214] [INFO] access - path:/data/note
[2022-11-16T13:38:21.747] [INFO] access - path:/data/write
[2022-11-16T13:38:40.357] [INFO] access - path:/data/write
[2022-11-16T13:38:44.065] [INFO] access - path:/data/note
[2022-11-16T13:38:47.758] [INFO] access - path:/data/write
[2022-11-16T13:38:50.145] [INFO] access - path:/data/note
[2022-11-16T13:39:31.927] [INFO] access - path:/data/write
[2022-11-16T13:39:40.500] [INFO] access - path:/data/note
[2022-11-16T13:41:08.209] [INFO] access - path:/data/write
[2022-11-16T13:54:25.442] [INFO] access - path:/data/write
[2022-11-16T13:55:03.655] [INFO] access - path:/data/note
[2022-11-16T13:55:05.616] [INFO] access - path:/data/note
[2022-11-16T13:55:06.627] [INFO] access - path:/data/write
[2022-11-16T13:55:09.063] [INFO] access - path:/data/note
[2022-11-16T13:55:18.132] [INFO] access - path:/data/write
[2022-11-16T13:55:20.192] [INFO] access - path:/data/note
[2022-11-16T13:55:48.963] [INFO] access - path:/data/write
[2022-11-16T13:56:03.953] [INFO] access - path:/data/write
[2022-11-16T13:57:20.767] [INFO] access - path:/data/write
[2022-11-16T13:57:46.649] [INFO] access - path:/data/write
[2022-11-16T13:58:25.614] [INFO] access - path:/data/write
[2022-11-16T13:59:31.454] [INFO] access - path:/data/note
[2022-11-16T13:59:37.411] [INFO] access - path:/data/write
[2022-11-16T14:00:41.749] [INFO] access - path:/data/write
[2022-11-16T14:01:15.953] [INFO] access - path:/data/write
[2022-11-16T14:24:04.416] [INFO] access - path:/data/write
[2022-11-16T14:27:36.040] [INFO] access - path:/data/write
[2022-11-16T14:29:32.022] [INFO] access - path:/data/write
[2022-11-16T14:29:34.223] [INFO] access - path:/data/note
[2022-11-16T14:33:52.927] [INFO] access - path:/data/write
[2022-11-16T14:36:23.092] [INFO] access - path:/data/write
[2022-11-16T14:36:25.093] [INFO] access - path:/data/note
[2022-11-16T14:37:03.474] [INFO] access - path:/data/write
[2022-11-16T14:39:07.750] [INFO] access - path:/data/write
[2022-11-16T14:41:37.879] [INFO] access - path:/data/write
[2022-11-16T14:41:40.280] [INFO] access - path:/data/note
[2022-11-16T14:46:08.621] [INFO] access - path:/data/note
[2022-11-16T14:48:28.482] [INFO] access - path:/data/note
[2022-11-16T14:51:21.912] [INFO] access - path:/data/note
[2022-11-16T14:52:36.072] [INFO] access - path:/data/note
[2022-11-16T14:54:03.463] [INFO] access - path:/data/note
[2022-11-16T19:46:14.729] [INFO] access - path:/data/note
[2022-11-16T19:46:24.591] [INFO] access - path:/data/note
[2022-11-16T19:46:26.453] [INFO] access - path:/data/write
[2022-11-16T19:46:37.116] [INFO] access - path:/data/note
[2022-11-16T19:46:38.215] [INFO] access - path:/data/note
[2022-11-16T19:46:59.230] [INFO] access - path:/tokenlogin
[2022-11-16T19:47:02.749] [INFO] access - path:/login
[2022-11-16T19:47:04.262] [INFO] access - path:/data/note
[2022-11-16T19:47:12.020] [INFO] access - path:/data/note
[2022-11-16T19:52:42.236] [INFO] access - path:/data/note
[2022-11-16T19:53:29.993] [INFO] access - path:/data/note
[2022-11-17T17:38:29.212] [INFO] access - path:/tokenlogin
[2022-11-17T17:38:32.961] [INFO] access - path:/login
[2022-11-17T17:38:34.441] [INFO] access - path:/data/note
[2022-11-17T18:29:33.688] [INFO] access - path:/data/write
[2022-11-17T19:16:47.168] [INFO] access - path:/data/note
[2022-11-17T19:16:53.674] [INFO] access - path:/data/note
[2022-11-17T19:17:36.734] [INFO] access - path:/data/note
[2022-11-17T19:17:42.001] [INFO] access - path:/data/note
[2022-11-17T20:11:39.486] [INFO] access - path:/data/note
[2022-11-17T20:12:45.770] [INFO] access - path:/data/note
[2022-11-17T20:12:52.094] [INFO] access - path:/data/note
[2022-11-17T20:12:55.437] [INFO] access - path:/tokenlogin
[2022-11-17T20:12:58.665] [INFO] access - path:/login
[2022-11-17T20:13:00.074] [INFO] access - path:/data/note
[2022-11-17T23:01:56.105] [INFO] access - path:/data/note
[2022-11-17T23:02:04.512] [INFO] access - path:/data/note
[2022-11-17T23:02:23.132] [INFO] access - path:/tokenlogin
[2022-11-17T23:02:26.640] [INFO] access - path:/login
[2022-11-17T23:02:27.858] [INFO] access - path:/data/note
[2022-11-17T23:02:31.832] [INFO] access - path:/data/note
[2022-11-17T23:32:45.902] [INFO] access - path:/data/note
[2022-11-17T23:33:06.617] [INFO] access - path:/data/note
[2022-11-18T11:27:49.453] [INFO] access - path:/tokenlogin
[2022-11-18T11:27:53.893] [INFO] access - path:/login
[2022-11-18T11:27:55.332] [INFO] access - path:/data/note
[2022-11-18T11:57:33.871] [INFO] access - path:/data/note
[2022-11-18T11:57:37.012] [INFO] access - path:/data/note
[2022-11-18T12:01:34.493] [INFO] access - path:/data/note
[2022-11-18T12:02:14.663] [INFO] access - path:/data/note
[2022-11-18T12:02:21.521] [INFO] access - path:/data/note
[2022-11-18T12:46:10.971] [INFO] access - path:/data/write
[2022-11-18T15:20:36.659] [INFO] access - path:/data/note
[2022-11-18T15:22:38.913] [INFO] access - path:/data/note
[2022-11-18T15:22:42.569] [INFO] access - path:/data/note
[2022-11-18T15:23:51.935] [INFO] access - path:/data/note
[2022-11-18T15:24:10.845] [INFO] access - path:/data/note
[2022-11-18T15:24:14.035] [INFO] access - path:/data/note
[2022-11-18T15:24:56.146] [INFO] access - path:/data/note
[2022-11-18T15:25:01.230] [INFO] access - path:/data/note
[2022-11-18T15:27:01.652] [INFO] access - path:/data/note
[2022-11-18T15:27:03.700] [INFO] access - path:/tokenlogin
[2022-11-18T15:27:08.710] [INFO] access - path:/login
[2022-11-18T15:27:10.118] [INFO] access - path:/data/note
[2022-11-18T15:27:11.815] [INFO] access - path:/tokenlogin
[2022-11-18T15:27:18.163] [INFO] access - path:/data/note
[2022-11-18T15:27:19.331] [INFO] access - path:/tokenlogin
[2022-11-18T15:27:44.227] [INFO] access - path:/data/note
[2022-11-18T15:27:53.977] [INFO] access - path:/tokenlogin
[2022-11-18T15:28:06.900] [INFO] access - path:/data/note
[2022-11-18T15:28:09.189] [INFO] access - path:/data/note
[2022-11-18T15:28:11.585] [INFO] access - path:/tokenlogin
[2022-11-18T15:28:14.579] [INFO] access - path:/tokenlogin
[2022-11-18T15:28:22.064] [INFO] access - path:/tokenlogin
[2022-11-18T15:28:23.808] [INFO] access - path:/data/note
[2022-11-18T15:29:12.663] [INFO] access - path:/data/note
[2022-11-18T15:31:05.758] [INFO] access - path:/data/write
[2022-11-18T15:33:23.261] [INFO] access - path:/data/note
[2022-11-18T15:34:03.315] [INFO] access - path:/data/note
[2022-11-18T15:34:07.691] [INFO] access - path:/data/note
[2022-11-18T15:34:08.973] [INFO] access - path:/data/note
[2022-11-18T15:34:10.202] [INFO] access - path:/data/note
[2022-11-18T15:34:11.460] [INFO] access - path:/data/note
[2022-11-18T15:34:13.496] [INFO] access - path:/data/note
[2022-11-18T15:34:14.961] [INFO] access - path:/data/note
[2022-11-18T15:34:22.174] [INFO] access - path:/data/note
[2022-11-18T15:34:24.065] [INFO] access - path:/data/note
[2022-11-18T15:34:25.071] [INFO] access - path:/data/note
[2022-11-18T15:34:25.978] [INFO] access - path:/data/note
[2022-11-18T15:36:04.927] [INFO] access - path:/data/note
[2022-11-18T15:39:42.784] [INFO] access - path:/data/note
[2022-11-18T15:39:46.609] [INFO] access - path:/data/note
[2022-11-18T15:40:09.020] [INFO] access - path:/data/note
[2022-11-18T15:41:58.743] [INFO] access - path:/data/note
[2022-11-18T15:42:45.936] [INFO] access - path:/data/note
[2022-11-18T15:42:49.360] [INFO] access - path:/data/note
[2022-11-18T19:23:25.996] [INFO] access - path:/data/note
[2022-11-18T19:23:56.328] [INFO] access - path:/tokenlogin
[2022-11-18T19:23:59.085] [INFO] access - path:/login
[2022-11-18T19:24:00.593] [INFO] access - path:/data/note
[2022-11-18T19:29:48.860] [INFO] access - path:/data/note
[2022-11-18T19:43:42.674] [INFO] access - path:/data/note
[2022-11-18T19:43:56.825] [INFO] access - path:/data/note
[2022-11-18T19:51:07.786] [INFO] access - path:/data/note
[2022-11-18T20:58:28.838] [INFO] access - path:/data/note
[2022-11-18T20:58:41.749] [INFO] access - path:/data/note
[2022-11-18T21:00:00.139] [INFO] access - path:/data/note
[2022-11-18T21:46:28.556] [INFO] access - path:/data/note
[2022-11-18T21:46:30.658] [INFO] access - path:/tokenlogin
[2022-11-18T21:46:34.356] [INFO] access - path:/login
[2022-11-18T21:46:35.384] [INFO] access - path:/data/note
[2022-11-18T22:51:28.006] [INFO] access - path:/tokenlogin
[2022-11-18T22:51:32.588] [INFO] access - path:/tokenlogin
[2022-11-18T23:30:17.522] [INFO] access - path:/tokenlogin
[2022-11-19T12:43:15.933] [INFO] access - path:/tokenlogin
[2022-11-19T12:44:04.443] [INFO] access - path:/tokenlogin
[2022-11-19T12:44:07.055] [INFO] access - path:/login
[2022-11-19T13:50:10.215] [INFO] access - path:/tokenlogin
[2022-11-28T16:20:14.461] [INFO] access - path:/login
[2022-11-29T18:17:09.640] [INFO] access - path:/tokenlogin
[2022-11-29T18:17:13.424] [INFO] access - path:/tokenlogin
[2022-11-29T18:17:16.367] [INFO] access - path:/login
[2022-11-30T12:58:26.527] [INFO] access - path:/tokenlogin
[2022-11-30T12:58:31.857] [INFO] access - path:/login
[2022-12-01T10:04:22.866] [INFO] access - path:/tokenlogin
[2022-12-01T10:04:27.278] [INFO] access - path:/login
[2022-12-01T19:51:49.518] [INFO] access - path:/tokenlogin
[2022-12-01T19:51:52.019] [INFO] access - path:/login
[2022-12-06T15:48:11.005] [INFO] access - path:/tokenlogin
[2022-12-06T15:48:17.156] [INFO] access - path:/login
[2022-12-06T16:02:42.514] [INFO] access - path:/tokenlogin
[2022-12-06T16:03:59.276] [INFO] access - path:/tokenlogin
[2022-12-13T15:00:50.737] [INFO] access - path:/tokenlogin
[2022-12-13T15:01:02.292] [INFO] access - path:/login
[2022-12-31T15:52:02.182] [INFO] access - path:/login
[2023-01-10T14:23:44.713] [INFO] access - path:/tokenlogin
[2023-01-10T14:23:52.059] [INFO] access - path:/login
[2023-01-10T14:23:53.777] [INFO] access - path:/login
[2023-01-10T14:23:56.496] [INFO] access - path:/login
[2023-01-10T14:29:03.985] [INFO] access - path:/tokenlogin
[2023-01-10T14:30:48.279] [INFO] access - path:/tokenlogin
[2023-01-10T14:31:01.922] [INFO] access - path:/tokenlogin
[2023-02-16T16:24:42.306] [INFO] access - path:/login
[2023-02-16T16:24:49.716] [INFO] access - path:/login
[2023-02-16T16:24:57.149] [INFO] access - path:/login
[2023-02-23T11:01:10.686] [INFO] access - path:/login
[2023-02-23T11:01:13.227] [INFO] access - path:/login
[2023-02-23T11:01:15.544] [INFO] access - path:/login
[2023-02-23T11:01:15.754] [INFO] access - path:/login
[2023-02-23T11:01:20.470] [INFO] access - path:/login
[2023-02-23T11:01:23.203] [INFO] access - path:/login
[2023-02-23T11:01:26.352] [INFO] access - path:/login
[2023-02-23T11:01:29.007] [INFO] access - path:/login
[2023-02-23T11:01:29.790] [INFO] access - path:/login
[2023-02-23T11:01:30.443] [INFO] access - path:/login
[2023-02-23T11:04:35.900] [INFO] access - path:/login
[2023-02-23T11:04:51.275] [INFO] access - path:/login
[2023-02-23T11:04:58.554] [INFO] access - path:/login
[2023-02-23T11:13:31.054] [INFO] access - path:/login
[2023-02-23T11:13:40.245] [INFO] access - path:/login
[2023-02-24T08:50:26.148] [INFO] access - path:/login
[2023-02-24T09:17:02.143] [INFO] access - path:/tokenlogin
[2023-02-24T09:17:20.431] [INFO] access - path:/tokenlogin
[2023-02-24T09:52:28.859] [INFO] access - path:/tokenlogin
[2023-02-26T08:40:33.636] [INFO] access - path:/tokenlogin
[2023-02-26T08:40:37.076] [INFO] access - path:/login
[2023-04-11T11:52:44.533] [INFO] access - path:/tokenlogin
[2023-04-11T11:52:49.338] [INFO] access - path:/login
[2023-04-20T12:26:31.441] [INFO] access - path:/tokenlogin
[2023-04-20T12:26:35.952] [INFO] access - path:/login
[2023-04-28T09:25:57.124] [INFO] access - path:/tokenlogin
[2023-04-28T09:26:01.509] [INFO] access - path:/login
[2023-04-28T10:57:27.374] [INFO] access - path:/tokenlogin
[2023-04-28T11:02:08.744] [INFO] access - path:/tokenlogin
[2023-04-28T11:05:33.653] [INFO] access - path:/tokenlogin
[2023-04-29T12:24:46.222] [INFO] access - path:/tokenlogin
[2023-04-29T12:24:55.963] [INFO] access - path:/login
[2023-04-29T12:48:32.467] [INFO] access - path:/tokenlogin
[2023-05-02T09:40:03.320] [INFO] access - path:/login
[2023-05-03T20:56:10.932] [INFO] access - path:/tokenlogin
[2023-05-03T20:56:17.409] [INFO] access - path:/login
[2023-05-04T10:32:33.978] [INFO] access - path:/tokenlogin
[2023-05-04T10:33:10.902] [INFO] access - path:/login
[2023-05-04T17:06:05.570] [INFO] access - path:/login
[2023-05-04T17:07:34.386] [INFO] access - path:/data/save
[2023-05-04T17:08:25.384] [INFO] access - path:/data/save
[2023-05-04T17:08:29.652] [INFO] access - path:/data/save
[2023-05-04T17:09:55.664] [INFO] access - path:/data/save
[2023-05-04T17:10:41.102] [INFO] access - path:/data/save
[2023-05-04T17:12:02.309] [INFO] access - path:/data/save
[2023-05-04T17:12:45.088] [INFO] access - path:/login
[2023-05-04T17:13:02.813] [INFO] access - path:/data/save
[2023-05-04T17:13:33.168] [INFO] access - path:/data/save
[2023-05-04T17:14:38.172] [INFO] access - path:/data/save
[2023-05-04T17:15:07.080] [INFO] access - path:/data/save
[2023-05-04T17:20:30.640] [INFO] access - path:/data/save
[2023-05-04T17:20:56.941] [INFO] access - path:/tokenlogin
[2023-05-04T17:21:12.368] [INFO] access - path:/data/save
[2023-05-04T17:22:33.116] [INFO] access - path:/tokenlogin
[2023-05-04T17:22:37.165] [INFO] access - path:/login
[2023-05-04T17:22:45.239] [INFO] access - path:/data/save
[2023-05-04T17:25:53.547] [INFO] access - path:/data/save
[2023-05-04T17:26:27.671] [INFO] access - path:/data/save
[2023-05-04T17:27:03.073] [INFO] access - path:/data/save
[2023-05-04T17:27:11.517] [INFO] access - path:/data/save
[2023-05-04T17:27:24.204] [INFO] access - path:/data/save
[2023-05-04T17:27:27.904] [INFO] access - path:/data/save
[2023-05-04T17:28:02.704] [INFO] access - path:/data/save
[2023-05-04T17:29:05.914] [INFO] access - path:/data/save
[2023-05-05T13:41:03.169] [INFO] access - path:/tokenlogin
[2023-05-05T13:41:12.381] [INFO] access - path:/login
[2023-05-06T19:52:21.244] [INFO] access - path:/tokenlogin
[2023-05-06T19:52:24.705] [INFO] access - path:/login
[2023-05-06T20:56:09.830] [INFO] access - path:/tokenlogin
[2023-05-07T16:08:10.104] [INFO] access - path:/tokenlogin
[2023-05-07T16:08:13.444] [INFO] access - path:/login
[2023-05-08T14:32:58.890] [INFO] access - path:/tokenlogin
[2023-05-08T14:33:02.137] [INFO] access - path:/login
[2023-05-08T14:33:02.606] [INFO] access - path:/login
[2023-05-11T19:31:15.843] [INFO] access - path:/tokenlogin
[2023-05-11T19:32:25.711] [INFO] access - path:/login
[2023-05-29T17:57:17.133] [INFO] access - path:/tokenlogin
[2023-05-29T17:58:17.735] [INFO] access - path:/login
[2023-05-29T18:08:00.261] [INFO] access - path:/tokenlogin
[2023-05-29T18:08:01.998] [INFO] access - path:/tokenlogin
[2023-05-29T18:20:41.579] [INFO] access - path:/tokenlogin
[2023-05-29T18:20:51.765] [INFO] access - path:/tokenlogin
[2023-06-06T14:48:38.107] [INFO] access - path:/tokenlogin
[2023-06-06T14:49:04.831] [INFO] access - path:/tokenlogin
[2023-06-06T14:49:07.718] [INFO] access - path:/login
[2023-06-07T20:00:22.073] [INFO] access - path:/tokenlogin
[2023-06-07T20:00:26.359] [INFO] access - path:/login
[2023-06-08T20:31:03.150] [INFO] access - path:/tokenlogin
[2023-06-08T20:31:05.963] [INFO] access - path:/login
[2023-06-08T20:41:24.711] [INFO] access - path:/tokenlogin
[2023-06-09T12:38:46.989] [INFO] access - path:/tokenlogin
[2023-06-09T12:38:50.947] [INFO] access - path:/login
[2023-06-09T17:58:37.090] [INFO] access - path:/tokenlogin
[2023-06-09T17:58:41.695] [INFO] access - path:/login
[2023-06-11T14:14:31.690] [INFO] access - path:/tokenlogin
[2023-06-11T14:14:56.231] [INFO] access - path:/login
[2023-06-11T15:28:13.864] [INFO] access - path:/tokenlogin
[2023-06-12T14:35:31.715] [INFO] access - path:/tokenlogin
[2023-06-12T14:35:34.597] [INFO] access - path:/login
[2023-06-12T17:33:03.697] [INFO] access - path:/tokenlogin
[2023-06-12T17:33:07.887] [INFO] access - path:/login
[2023-06-13T23:10:44.032] [INFO] access - path:/login
[2023-06-15T15:27:59.795] [INFO] access - path:/tokenlogin
[2023-06-15T15:28:02.989] [INFO] access - path:/login
[2023-06-16T17:57:25.924] [INFO] access - path:/tokenlogin
[2023-06-16T17:57:30.412] [INFO] access - path:/login
[2023-06-17T13:07:11.117] [INFO] access - path:/login
[2023-06-17T22:36:19.100] [INFO] access - path:/tokenlogin
[2023-06-17T22:42:23.995] [INFO] access - path:/tokenlogin
[2023-06-17T22:42:27.402] [INFO] access - path:/login
[2023-06-18T10:27:16.282] [INFO] access - path:/tokenlogin
[2023-06-18T10:27:26.139] [INFO] access - path:/login
[2023-06-18T11:24:31.499] [INFO] access - path:/public/icons
[2023-06-18T11:27:01.861] [INFO] access - path:/public/icons
[2023-06-18T11:27:35.560] [INFO] access - path:/public/icons
[2023-06-18T11:28:06.918] [INFO] access - path:/public/icons
[2023-06-18T11:28:57.260] [INFO] access - path:/public/icons
[2023-06-18T11:29:53.738] [INFO] access - path:/public/icons
[2023-06-18T11:30:09.256] [INFO] access - path:/public/icons
[2023-06-18T11:32:35.240] [INFO] access - path:/public/icons
[2023-06-18T11:32:54.519] [INFO] access - path:/public/icons
[2023-06-18T11:33:09.332] [INFO] access - path:/public/icons
[2023-06-18T11:33:53.412] [INFO] access - path:/public/icons
[2023-06-18T11:35:16.276] [INFO] access - path:/public/icons
[2023-06-18T11:35:22.461] [INFO] access - path:/public/icons
[2023-06-18T12:05:09.321] [INFO] access - path:/image/bilibiliHead.webp
[2023-06-18T12:05:22.722] [INFO] access - path:/image/bilibiliHead.webp
[2023-06-18T12:05:22.922] [INFO] access - path:/favicon.ico
[2023-06-18T12:28:40.385] [INFO] access - path:/image/bilibiliHead.webp
[2023-06-18T12:28:45.823] [INFO] access - path:/image/bilibiliHead.webp
[2023-06-18T12:30:18.181] [INFO] access - path:/image/bilibiliHead.webp
[2023-06-18T12:31:11.268] [INFO] access - path:/image
[2023-06-18T12:31:17.976] [INFO] access - path:/
[2023-06-18T12:31:54.289] [INFO] access - path:/image/bilibiliHead.webp
[2023-06-18T12:31:55.580] [INFO] access - path:/image/bilibiliHead.webp
[2023-06-18T12:31:56.392] [INFO] access - path:/image/bilibiliHead.webp
[2023-06-18T12:32:02.123] [INFO] access - path:/image/bilibiliHead.webp
[2023-06-18T12:32:03.232] [INFO] access - path:/image/bilibiliHead.webp
[2023-06-18T12:32:13.638] [INFO] access - path:/image/bilibiliHead.webp
[2023-06-18T12:32:20.448] [INFO] access - path:/image/bilibiliHead.webp
[2023-06-18T12:34:10.894] [INFO] access - path:/image/bilibiliHead.webp
[2023-06-18T12:34:21.309] [INFO] access - path:/bilibiliHead.webp
[2023-06-18T12:39:41.328] [INFO] access - path:/bilibiliHead.webp
[2023-06-18T12:41:21.120] [INFO] access - path:/bilibiliHead.webp
[2023-06-18T12:41:21.732] [INFO] access - path:/bilibiliHead.webp
[2023-06-18T12:41:22.085] [INFO] access - path:/bilibiliHead.webp
[2023-06-18T12:41:22.305] [INFO] access - path:/bilibiliHead.webp
[2023-06-18T12:41:22.502] [INFO] access - path:/bilibiliHead.webp
[2023-06-18T12:41:22.688] [INFO] access - path:/bilibiliHead.webp
[2023-06-18T12:41:22.861] [INFO] access - path:/bilibiliHead.webp
[2023-06-18T12:41:37.569] [INFO] access - path:/image/bilibiliHead.webp
[2023-06-18T12:41:53.639] [INFO] access - path:/img/bilibiliHead.webp
[2023-06-18T12:42:29.890] [INFO] access - path:/img/bilibiliHead.webp
[2023-06-18T12:42:35.892] [INFO] access - path:/img/bilibiliHead.webp
[2023-06-18T12:42:40.545] [INFO] access - path:/img
[2023-06-18T12:43:11.367] [INFO] access - path:/img
[2023-06-18T12:43:49.381] [INFO] access - path:/img/bilibiliHead.webp
[2023-06-18T12:54:59.888] [INFO] access - path:/public/icons
[2023-06-18T12:55:06.704] [INFO] access - path:/public/icons
[2023-06-18T12:56:02.815] [INFO] access - path:/public/icons
[2023-06-18T12:56:40.456] [INFO] access - path:/public/icons
[2023-06-18T12:57:00.917] [INFO] access - path:/public/icons
[2023-06-18T12:58:30.581] [INFO] access - path:/public/icons
[2023-06-18T13:00:07.453] [INFO] access - path:/public/icons
[2023-06-18T13:00:21.385] [INFO] access - path:/public/icons
[2023-06-18T13:00:39.558] [INFO] access - path:/public/icons
[2023-06-18T13:04:13.840] [INFO] access - path:/public/icons
[2023-06-18T13:04:32.222] [INFO] access - path:/public/icons
[2023-06-18T13:04:41.667] [INFO] access - path:/public/icons
[2023-06-18T13:05:02.556] [INFO] access - path:/public/icons
[2023-06-18T13:06:15.238] [INFO] access - path:/public/icons
[2023-06-18T13:06:29.202] [INFO] access - path:/public/icons
[2023-06-18T13:08:26.982] [INFO] access - path:/public/icons
[2023-06-18T13:12:37.583] [INFO] access - path:/public/icons
[2023-06-18T13:12:48.216] [INFO] access - path:/public/icons
[2023-06-18T13:13:05.850] [INFO] access - path:/public/icons
[2023-06-18T13:13:11.612] [INFO] access - path:/public/icons
[2023-06-18T13:13:40.518] [INFO] access - path:/public/icons
[2023-06-18T13:14:03.727] [INFO] access - path:/public/icons
[2023-06-18T13:14:29.059] [INFO] access - path:/public/icons
[2023-06-18T13:14:34.755] [INFO] access - path:/public/icons
[2023-06-18T13:15:00.749] [INFO] access - path:/public/icons
[2023-06-18T13:16:07.429] [INFO] access - path:/public/icons
[2023-06-18T13:17:13.193] [INFO] access - path:/public/icons
[2023-06-18T13:20:58.324] [INFO] access - path:/public/icons
[2023-06-18T13:21:27.276] [INFO] access - path:/public/icons
[2023-06-18T13:22:03.392] [INFO] access - path:/public/icons
[2023-06-18T13:24:59.995] [INFO] access - path:/public/icons
[2023-06-18T13:30:13.650] [INFO] access - path:/public/icons
[2023-06-18T13:30:55.544] [INFO] access - path:/public/icons
[2023-06-18T13:33:11.914] [INFO] access - path:/public/icons
[2023-06-18T13:36:48.714] [INFO] access - path:/public/icons
[2023-06-18T13:38:32.090] [INFO] access - path:/public/icons
[2023-06-18T13:38:32.132] [INFO] access - path:/svg/trend.svg
[2023-06-18T13:39:35.736] [INFO] access - path:/public/icons
[2023-06-18T13:39:56.062] [INFO] access - path:/public/icons
[2023-06-18T13:40:04.519] [INFO] access - path:/public/icons
[2023-06-18T13:40:14.708] [INFO] access - path:/public/icons
[2023-06-18T13:41:34.436] [INFO] access - path:/public/icons
[2023-06-18T13:45:31.777] [INFO] access - path:/public/icons
[2023-06-18T13:45:49.192] [INFO] access - path:/public/icons
[2023-06-18T13:47:28.039] [INFO] access - path:/public/icons
[2023-06-18T13:47:53.879] [INFO] access - path:/public/icons
[2023-06-18T13:48:10.761] [INFO] access - path:/public/icons
[2023-06-18T13:48:46.273] [INFO] access - path:/public/icons
[2023-06-18T13:49:11.525] [INFO] access - path:/public/icons
[2023-06-18T13:49:48.128] [INFO] access - path:/public/icons
[2023-06-18T13:49:59.723] [INFO] access - path:/public/icons
[2023-06-18T13:50:04.154] [INFO] access - path:/public/icons
[2023-06-18T13:50:36.947] [INFO] access - path:/public/icons
[2023-06-18T13:50:41.553] [INFO] access - path:/public/icons
[2023-06-18T13:51:01.253] [INFO] access - path:/public/icons
[2023-06-18T13:51:14.883] [INFO] access - path:/public/icons
[2023-06-18T13:52:14.427] [INFO] access - path:/public/icons
[2023-06-18T13:54:09.989] [INFO] access - path:/public/icons
[2023-06-18T13:54:20.988] [INFO] access - path:/public/icons
[2023-06-18T13:57:45.874] [INFO] access - path:/public/icons
[2023-06-18T14:01:34.075] [INFO] access - path:/public/icons
[2023-06-18T14:20:04.612] [INFO] access - path:/public/icons
[2023-06-18T14:20:04.622] [INFO] access - path:/public/icons
[2023-06-18T14:21:12.277] [INFO] access - path:/public/icons
[2023-06-18T14:21:12.285] [INFO] access - path:/public/icons
[2023-06-18T14:28:20.854] [INFO] access - path:/svg/previous.svg
[2023-06-18T14:28:33.936] [INFO] access - path:/svg/previous.svg
[2023-06-18T14:29:39.270] [INFO] access - path:/public/icons
[2023-06-18T14:29:39.279] [INFO] access - path:/public/icons
[2023-06-18T14:31:29.000] [INFO] access - path:/public/icons
[2023-06-18T14:31:29.011] [INFO] access - path:/public/icons
[2023-06-18T14:33:30.692] [INFO] access - path:/public/icons
[2023-06-18T14:33:30.699] [INFO] access - path:/public/icons
[2023-06-18T14:33:48.694] [INFO] access - path:/public/icons
[2023-06-18T14:33:48.696] [INFO] access - path:/public/icons
[2023-06-18T14:34:10.625] [INFO] access - path:/public/icons
[2023-06-18T14:34:10.636] [INFO] access - path:/public/icons
[2023-06-18T14:34:40.174] [INFO] access - path:/public/icons
[2023-06-18T14:34:40.177] [INFO] access - path:/public/icons
[2023-06-18T14:35:36.753] [INFO] access - path:/public/icons
[2023-06-18T14:35:36.756] [INFO] access - path:/public/icons
[2023-06-18T14:36:05.847] [INFO] access - path:/public/icons
[2023-06-18T14:36:05.864] [INFO] access - path:/public/icons
[2023-06-18T14:36:47.429] [INFO] access - path:/public/icons
[2023-06-18T14:36:47.436] [INFO] access - path:/public/icons
[2023-06-18T14:36:49.907] [INFO] access - path:/public/icons
[2023-06-18T14:36:49.908] [INFO] access - path:/public/icons
[2023-06-18T14:37:09.995] [INFO] access - path:/public/icons
[2023-06-18T14:37:10.003] [INFO] access - path:/public/icons
[2023-06-18T14:37:51.254] [INFO] access - path:/public/icons
[2023-06-18T14:37:51.259] [INFO] access - path:/public/icons
[2023-06-18T14:37:53.607] [INFO] access - path:/public/icons
[2023-06-18T14:37:53.609] [INFO] access - path:/public/icons
[2023-06-18T14:38:21.513] [INFO] access - path:/public/icons
[2023-06-18T14:38:21.529] [INFO] access - path:/public/icons
[2023-06-18T14:38:24.749] [INFO] access - path:/public/icons
[2023-06-18T14:38:24.781] [INFO] access - path:/public/icons
[2023-06-18T14:39:07.436] [INFO] access - path:/public/icons
[2023-06-18T14:39:07.442] [INFO] access - path:/public/icons
[2023-06-18T14:39:10.158] [INFO] access - path:/public/icons
[2023-06-18T14:39:10.171] [INFO] access - path:/public/icons
[2023-06-18T14:39:29.955] [INFO] access - path:/public/icons
[2023-06-18T14:39:29.961] [INFO] access - path:/public/icons
[2023-06-18T14:39:53.587] [INFO] access - path:/public/icons
[2023-06-18T14:39:53.589] [INFO] access - path:/public/icons
[2023-06-18T14:39:59.443] [INFO] access - path:/public/icons
[2023-06-18T14:39:59.455] [INFO] access - path:/public/icons
[2023-06-18T14:40:18.622] [INFO] access - path:/public/icons
[2023-06-18T14:40:18.630] [INFO] access - path:/public/icons
[2023-06-18T14:41:00.843] [INFO] access - path:/public/icons
[2023-06-18T14:41:00.849] [INFO] access - path:/public/icons
[2023-06-18T15:01:45.139] [INFO] access - path:/public/icons
[2023-06-18T15:01:45.148] [INFO] access - path:/public/icons
[2023-06-18T15:13:48.016] [INFO] access - path:/public/icons
[2023-06-18T15:13:48.020] [INFO] access - path:/public/icons
[2023-06-18T15:14:31.324] [INFO] access - path:/public/icons
[2023-06-18T15:14:31.326] [INFO] access - path:/public/icons
[2023-06-18T15:15:00.146] [INFO] access - path:/public/icons
[2023-06-18T15:15:00.147] [INFO] access - path:/public/icons
[2023-06-18T15:15:09.073] [INFO] access - path:/public/icons
[2023-06-18T15:15:09.079] [INFO] access - path:/public/icons
[2023-06-18T15:16:10.010] [INFO] access - path:/public/icons
[2023-06-18T15:16:10.014] [INFO] access - path:/public/icons
[2023-06-18T15:16:13.215] [INFO] access - path:/public/icons
[2023-06-18T15:16:13.217] [INFO] access - path:/public/icons
[2023-06-18T15:16:36.839] [INFO] access - path:/public/icons
[2023-06-18T15:16:36.865] [INFO] access - path:/public/icons
[2023-06-18T15:32:22.140] [INFO] access - path:/public/icons
[2023-06-18T15:32:22.143] [INFO] access - path:/public/icons
[2023-06-18T15:35:02.919] [INFO] access - path:/public/icons
[2023-06-18T15:35:02.921] [INFO] access - path:/public/icons
[2023-06-19T12:20:17.712] [INFO] access - path:/tokenlogin
[2023-06-19T12:20:31.716] [INFO] access - path:/login
[2023-06-19T12:20:34.064] [INFO] access - path:/public/icons
[2023-06-19T12:20:34.070] [INFO] access - path:/public/icons
[2023-06-19T18:21:23.660] [INFO] access - path:/svg/chan.svg
[2023-06-19T18:21:24.471] [INFO] access - path:/svg/chann.svg
[2023-06-19T18:21:26.453] [INFO] access - path:/svg/channe.svg
[2023-06-19T18:21:32.439] [INFO] access - path:/svg/class.svg
[2023-06-19T18:21:33.480] [INFO] access - path:/svg/classr.svg
[2023-06-19T18:21:34.167] [INFO] access - path:/svg/classrom.svg
[2023-06-19T18:22:37.355] [INFO] access - path:/svg/comm.svg
[2023-06-19T18:22:38.796] [INFO] access - path:/svg/commu.svg
[2023-06-19T18:22:39.637] [INFO] access - path:/svg/commun.svg
[2023-06-19T18:22:46.261] [INFO] access - path:/svg/hot.svg
[2023-06-21T14:12:58.011] [INFO] access - path:/tokenlogin
[2023-06-21T14:13:47.191] [INFO] access - path:/login
[2023-06-21T14:13:49.518] [INFO] access - path:/public/icons
[2023-06-21T14:13:49.522] [INFO] access - path:/public/icons
[2023-06-21T14:13:49.528] [INFO] access - path:/public/icons
[2023-06-21T14:15:53.495] [INFO] access - path:/public/icons
[2023-06-21T14:15:53.497] [INFO] access - path:/public/icons
[2023-06-21T14:15:53.512] [INFO] access - path:/public/icons
[2023-06-21T15:22:52.791] [INFO] access - path:/public/icons
[2023-06-21T15:22:52.798] [INFO] access - path:/public/icons
[2023-06-21T15:22:52.805] [INFO] access - path:/public/icons
[2023-06-21T15:23:43.227] [INFO] access - path:/tokenlogin
[2023-06-21T15:23:45.905] [INFO] access - path:/public/icons
[2023-06-21T15:23:45.906] [INFO] access - path:/public/icons
[2023-06-21T15:23:45.907] [INFO] access - path:/public/icons
[2023-06-21T16:24:11.914] [INFO] access - path:/public/icons
[2023-06-21T16:24:11.938] [INFO] access - path:/public/icons
[2023-06-21T16:24:11.955] [INFO] access - path:/public/icons
[2023-06-21T17:41:36.055] [INFO] access - path:/public/icons
[2023-06-21T17:41:36.060] [INFO] access - path:/public/icons
[2023-06-21T17:41:36.061] [INFO] access - path:/public/icons
[2023-06-21T20:31:16.880] [INFO] access - path:/tokenlogin
[2023-06-21T20:31:19.810] [INFO] access - path:/login
[2023-06-21T20:31:21.647] [INFO] access - path:/public/icons
[2023-06-21T20:31:21.652] [INFO] access - path:/public/icons
[2023-06-21T20:31:21.656] [INFO] access - path:/public/icons
[2023-06-21T20:36:24.755] [INFO] access - path:/public/icons
[2023-06-21T20:36:24.763] [INFO] access - path:/public/icons
[2023-06-21T20:36:24.766] [INFO] access - path:/public/icons
[2023-06-22T11:33:16.691] [INFO] access - path:/tokenlogin
[2023-06-22T11:33:20.075] [INFO] access - path:/login
[2023-06-22T11:33:21.951] [INFO] access - path:/public/icons
[2023-06-22T11:33:21.954] [INFO] access - path:/public/icons
[2023-06-22T11:33:21.956] [INFO] access - path:/public/icons
[2023-06-22T11:35:10.919] [INFO] access - path:/public/icons
[2023-06-22T11:35:10.945] [INFO] access - path:/public/icons
[2023-06-22T11:35:10.951] [INFO] access - path:/public/icons
[2023-06-22T12:06:30.053] [INFO] access - path:/public/icons
[2023-06-22T12:06:30.073] [INFO] access - path:/public/icons
[2023-06-22T12:06:30.078] [INFO] access - path:/public/icons
[2023-06-22T12:31:25.999] [INFO] access - path:/public/icons
[2023-06-22T12:31:26.007] [INFO] access - path:/public/icons
[2023-06-22T12:31:26.014] [INFO] access - path:/public/icons
[2023-06-23T10:33:41.581] [INFO] access - path:/login
[2023-06-23T10:33:43.507] [INFO] access - path:/public/icons
[2023-06-23T10:33:43.509] [INFO] access - path:/public/icons
[2023-06-23T10:33:43.511] [INFO] access - path:/public/icons
[2023-06-23T10:43:40.440] [INFO] access - path:/public/icons
[2023-06-23T10:43:40.455] [INFO] access - path:/public/icons
[2023-06-23T10:43:40.460] [INFO] access - path:/public/icons
[2023-06-23T11:14:45.854] [INFO] access - path:/public/icons
[2023-06-23T11:14:45.863] [INFO] access - path:/public/icons
[2023-06-23T11:14:45.882] [INFO] access - path:/public/icons
[2023-06-23T11:18:06.336] [INFO] access - path:/public/icons
[2023-06-23T11:18:06.351] [INFO] access - path:/public/icons
[2023-06-23T11:18:06.356] [INFO] access - path:/public/icons
[2023-06-23T11:39:15.033] [INFO] access - path:/tokenlogin
[2023-06-23T11:39:16.668] [INFO] access - path:/public/icons
[2023-06-23T11:39:16.674] [INFO] access - path:/public/icons
[2023-06-23T11:39:16.679] [INFO] access - path:/public/icons
[2023-06-24T11:20:43.046] [INFO] access - path:/tokenlogin
[2023-06-24T11:20:51.515] [INFO] access - path:/login
[2023-06-24T11:20:53.562] [INFO] access - path:/public/icons
[2023-06-24T11:20:53.565] [INFO] access - path:/public/icons
[2023-06-24T11:20:53.568] [INFO] access - path:/public/icons
[2023-06-24T11:50:01.436] [INFO] access - path:/tokenlogin
[2023-06-24T11:50:05.042] [INFO] access - path:/tokenlogin
[2023-06-24T11:50:06.379] [INFO] access - path:/public/icons
[2023-06-24T11:50:06.384] [INFO] access - path:/public/icons
[2023-06-24T11:50:06.386] [INFO] access - path:/public/icons
[2023-06-24T12:08:54.840] [INFO] access - path:/tokenlogin
[2023-06-24T12:08:56.677] [INFO] access - path:/public/icons
[2023-06-24T12:08:56.684] [INFO] access - path:/public/icons
[2023-06-24T12:08:56.687] [INFO] access - path:/public/icons
[2023-06-24T12:09:06.142] [INFO] access - path:/tokenlogin
[2023-06-24T12:10:30.643] [INFO] access - path:/register
[2023-06-24T13:54:53.068] [INFO] access - path:/public/videos
[2023-06-24T13:55:07.810] [INFO] access - path:/public/videos
[2023-06-24T13:55:10.184] [INFO] access - path:/public/videos
[2023-06-24T13:56:24.542] [INFO] access - path:/public/videos
[2023-06-24T13:56:40.811] [INFO] access - path:/public/videos
[2023-06-24T13:56:42.344] [INFO] access - path:/public/videos
[2023-06-24T13:56:47.330] [INFO] access - path:/public/videos
[2023-06-24T13:57:37.232] [INFO] access - path:/public/videos
[2023-06-24T14:02:04.617] [INFO] access - path:/public/videos
[2023-06-24T14:02:26.782] [INFO] access - path:/public/videos
[2023-06-24T14:03:03.338] [INFO] access - path:/public/videos
[2023-06-24T14:06:21.338] [INFO] access - path:/public/videos
[2023-06-24T14:10:28.659] [INFO] access - path:/public/videos
[2023-06-24T14:14:58.037] [INFO] access - path:/public/icons
[2023-06-24T14:14:58.042] [INFO] access - path:/public/icons
[2023-06-24T14:14:58.043] [INFO] access - path:/public/icons
[2023-06-24T14:17:28.431] [INFO] access - path:/public/videos
[2023-06-24T14:20:28.451] [INFO] access - path:/public/videos
[2023-06-24T14:25:57.655] [INFO] access - path:/public/videos
[2023-06-24T14:26:18.361] [INFO] access - path:/public/videos
[2023-06-24T14:27:22.644] [INFO] access - path:/public/videos
[2023-06-24T14:30:52.780] [INFO] access - path:/public/videos
[2023-06-24T14:31:49.218] [INFO] access - path:/public/videos
[2023-06-24T14:32:26.496] [INFO] access - path:/public/videos
[2023-06-24T14:32:59.446] [INFO] access - path:/public/videos
[2023-06-24T14:34:29.794] [INFO] access - path:/public/icons
[2023-06-24T14:34:29.802] [INFO] access - path:/public/icons
[2023-06-24T14:34:29.805] [INFO] access - path:/public/icons
[2023-06-24T14:36:19.522] [INFO] access - path:/public/videos
[2023-06-24T14:37:21.097] [INFO] access - path:/public/videos
[2023-06-24T14:37:36.334] [INFO] access - path:/public/icons
[2023-06-24T14:37:36.343] [INFO] access - path:/public/icons
[2023-06-24T14:37:36.348] [INFO] access - path:/public/icons
[2023-06-24T14:37:36.368] [INFO] access - path:/public/videos
[2023-06-24T14:37:44.401] [INFO] access - path:/public/videos
[2023-06-24T14:40:51.071] [INFO] access - path:/public/videos
[2023-06-24T14:40:55.892] [INFO] access - path:/public/icons
[2023-06-24T14:40:55.930] [INFO] access - path:/public/icons
[2023-06-24T14:40:55.933] [INFO] access - path:/public/icons
[2023-06-24T14:40:55.945] [INFO] access - path:/public/videos
[2023-06-24T14:41:31.035] [INFO] access - path:/public/videos
[2023-06-24T14:41:34.945] [INFO] access - path:/public/icons
[2023-06-24T14:41:34.952] [INFO] access - path:/public/icons
[2023-06-24T14:41:34.959] [INFO] access - path:/public/icons
[2023-06-24T14:41:34.966] [INFO] access - path:/public/videos
[2023-06-24T14:41:58.751] [INFO] access - path:/public/videos
[2023-06-24T14:42:01.783] [INFO] access - path:/public/icons
[2023-06-24T14:42:01.784] [INFO] access - path:/public/icons
[2023-06-24T14:42:01.785] [INFO] access - path:/public/icons
[2023-06-24T14:42:01.786] [INFO] access - path:/public/videos
[2023-06-24T14:42:22.722] [INFO] access - path:/public/icons
[2023-06-24T14:42:22.732] [INFO] access - path:/public/icons
[2023-06-24T14:42:22.733] [INFO] access - path:/public/icons
[2023-06-24T14:42:22.736] [INFO] access - path:/public/videos
[2023-06-24T14:44:10.587] [INFO] access - path:/public/videos
[2023-06-24T14:44:15.859] [INFO] access - path:/public/icons
[2023-06-24T14:44:15.866] [INFO] access - path:/public/icons
[2023-06-24T14:44:15.871] [INFO] access - path:/public/videos
[2023-06-24T14:44:15.878] [INFO] access - path:/public/icons
[2023-06-24T14:45:13.301] [INFO] access - path:/public/videos
[2023-06-24T14:45:52.125] [INFO] access - path:/public/videos
[2023-06-24T14:46:23.293] [INFO] access - path:/public/videos
[2023-06-24T14:46:43.267] [INFO] access - path:/public/videos
[2023-06-24T14:46:59.596] [INFO] access - path:/public/videos
[2023-06-24T14:47:09.213] [INFO] access - path:/public/icons
[2023-06-24T14:47:09.219] [INFO] access - path:/public/icons
[2023-06-24T14:47:09.224] [INFO] access - path:/public/icons
[2023-06-24T14:47:09.231] [INFO] access - path:/public/videos
[2023-06-24T14:47:22.069] [INFO] access - path:/public/videos
[2023-06-24T14:47:30.001] [INFO] access - path:/public/videos
[2023-06-24T14:47:56.692] [INFO] access - path:/public/videos
[2023-06-25T13:15:17.832] [INFO] access - path:/public/videos
[2023-06-25T13:17:20.201] [INFO] access - path:/public/videos
[2023-06-25T13:18:51.495] [INFO] access - path:/public/videos
[2023-06-25T13:21:22.487] [INFO] access - path:/public/videos
[2023-06-25T13:32:21.139] [INFO] access - path:/public/videos
[2023-06-25T14:26:36.557] [INFO] access - path:/public/videos
[2023-06-25T14:27:30.927] [INFO] access - path:/public/videos
[2023-06-28T10:00:24.786] [INFO] access - path:/tokenlogin
[2023-06-28T10:13:07.474] [INFO] access - path:/login
[2023-06-28T10:13:09.791] [INFO] access - path:/public/icons
[2023-06-28T10:13:09.796] [INFO] access - path:/public/icons
[2023-06-28T10:13:09.799] [INFO] access - path:/public/icons
[2023-06-28T10:13:09.801] [INFO] access - path:/public/videos
