[2024-07-26T10:15:46.428] [INFO] AI - 用户提问为第一张塔罗牌倒吊人 逆位牌意代表事情问题的核心，第二张塔罗牌星币八 逆位牌意代表事情发展过程中的障碍与短处，第三张塔罗牌皇帝 逆位牌意代表事情发展过程中的有利资源或长处，第四张塔罗牌皇帝 逆位牌意代表事情发展过程中应该用的方式方法，在综合用这四张牌塔罗牌$&，$&，$&，$&解释我们这段感情是否还要继续呢？
[2024-07-26T10:16:01.006] [INFO] AI - ai回复为从你提供的塔罗牌信息来看，对方似乎有一些事情需要解决或改进。每一张牌都有其独特的含义和可能的推断。

第一张塔罗牌倒吊人是象征着某些东西即将失去控制，这种感觉可能意味着当前的情绪状态可能是不利的，但是同时也可能意味着个人可以找到力量来改变这种情况。

第二张塔罗牌星币八是一个逆位牌，表示一个人可能会遇到阻碍或者短处。这张牌可能暗示对方正在经历一些挑战，或者是遇到了困扰。

第三张塔罗牌皇帝是一张逆位牌，可能象征着需要使用更高级别的技巧或策略来解决问题。这张牌可能暗示对方在某些方面的能力已经被低估，他们需要提升自己才能达到更好的结果。

第四张塔罗牌皇帝的一张逆位牌则可能暗示你需要重新审视你的价值观或目标。这张牌可能提醒你要反思自己的行为，找出能够帮助你实现目标的方法。

综合以上信息，我们可以推断出对方可能已经意识到了自己的困境，并且试图寻找解决方法。同时，也有可能他们在某个领域有非常大的潜力，只是还没有被充分发掘出来。所以，这段感情需要进一步的发展和深入的理解，以更好地理解对方的需求和期望，从而寻求有效的解决方案。
[2024-07-26T10:17:59.660] [INFO] AI - 用户提问为第一张塔罗牌宝剑六 逆位牌意代表是否有人暗恋我？的现有状况，
第二张塔罗牌星币五 正位牌意代表$?发展方向，
第三张塔罗牌星币皇后 正位牌意代表$?发展的结果，
第四张塔罗牌力量 正位牌意也代表$?发展方向，
第五张塔罗牌星币皇后 逆位牌意代表$?发展的结果，
在综合用这五张牌塔罗牌$&，$&，$&，$&，$&，解释$?
[2024-07-26T10:18:09.959] [INFO] AI - ai回复为根据你的描述，这张塔罗牌的顺序可能会有些许含义。首先，第六张塔罗牌显示了“逆位”的可能，暗示你可能有一些人正在暗恋你。如果第六张塔罗牌是“逆位”牌，那么可能意味着有某个人正试图接近或吸引你，或者可能隐藏着自己的情感和愿望。

然后是第五张塔罗牌，显示的是“皇后”，表明你在发展过程中可能会遇到一些困难或挑战。皇后可能是正面的，表示你的努力是有回报的；也可能是负面的，可能暗示你面临阻碍或失败的风险。

最后，第七张塔罗牌是“星币”五，显示的是“发展方向”。这通常表示你在某些方面的发展方向可能朝着某个方向前进，但是你需要有足够的决心和耐心才能实现这个目标。

总的来说，这张塔罗牌可能表达了一些关于你在现实生活中如何处理自己感情、生活以及未来发展的想法和期望。无论这些建议是否适合你，都可以作为你探索自己情绪、思考未来的指南。记住，每个人都有可能面临各种挑战和困扰，关键是要找到正确的应对方式，并保持积极的态度和乐观的心态。
[2024-07-26T14:29:26.338] [INFO] AI - 用户提问为第一张塔罗牌倒吊人 逆位牌意代事情起因，第二张塔罗牌星币七 逆位牌意代表事情经过，第三张塔罗牌月亮 正位牌意代表事情发展最终结果，在综合用这三张牌塔罗牌$&，$&，$&解释我们这段感情是否还要继续呢？
[2024-07-26T14:29:28.204] [INFO] AI - ai回复为很抱歉，由于没有具体的塔罗牌面值和含义，我无法准确解读您的信息。如果您能提供更多的信息，我会很高兴为您提供更详细的解析。
[2024-07-26T14:30:46.521] [INFO] AI - 用户提问为第一张塔罗牌圣杯七 正位牌意代事情起因，第二张塔罗牌恶魔 正位牌意代表事情经过，第三张塔罗牌女皇 逆位牌意代表事情发展最终结果，在综合用这三张牌塔罗牌$&，$&，$&解释他/她爱我吗？
[2024-07-26T14:30:56.229] [INFO] AI - ai回复为这张牌的解读可能会取决于你对“你”和“我”的理解。以下是一种可能的答案：

1. 第一张塔罗牌圣杯七显示的是一个人或一个团体开始时困难重重，需要时间来找到解决方案。如果你喜欢他人的优点，这个人有潜力改变你的人际关系。如果有人让你感到困扰，那么可能这个人并不适合你。

2. 第二张塔罗牌恶魔正位牌显示的是一个人或一个团体面临挑战或压力，特别是来自于自我评价、期望值或过去的错误。如果你需要建立健康的自我评价和期望，这个塔罗牌可以提供一些有用的建议。

3. 第三张塔罗牌女皇逆位牌显示的是一个人或一个团体正在进行重要决策或者即将发生重大变化。这可能是与你的关系有关的决定，或者是一个关于职业发展的机会。在做出决定前，可能会有一些先验的预感或者情绪上的波动。

以上只是一些基本的解析方式，具体的含义还需要你自己去探索和理解。
[2024-07-26T14:33:34.423] [INFO] AI - 用户提问为第一张塔罗牌命运之轮 逆位牌意代事情起因，第二张塔罗牌权杖四 逆位牌意代表事情经过，第三张塔罗牌死神 正位牌意代表事情发展最终结果，在综合用这三张牌塔罗牌$&，$&，$&解释他/她爱我吗？
[2024-07-26T14:33:40.569] [INFO] AI - ai回复为很抱歉，由于你没有提供具体的塔罗牌组合和使用方法，我无法准确回答你的问题。每个人的情况都是独特的，取决于他们的个人信仰、价值观、健康状况、人际关系等多方面因素。

但是，我可以告诉你一些通常出现在塔罗牌中的一些普遍主题：

1. **三角**：象征着三角关系、友情、爱情或信任。
2. **双鱼座**：代表着细腻的情感、感情欲望和内心世界的复杂性。
3. **金牛座**：代表着稳定、工作或财务稳定性。
4. **水瓶座**：代表着独立、新奇和想象力。
5. **摩羯座**：代表着深思熟虑、对事业的执着和持久。
6. **双子座**：代表着活力、创新和新的尝试。

当然，这只是一个通用的示例，并不能适用于所有的人。你可以根据自己的情况选择适合自己的塔罗牌组合。
[2024-07-26T17:13:02.165] [INFO] AI - 用户提问为第一张塔罗牌星币五 逆位牌意代表事情的现有状况，第二张塔罗牌星币国王 逆位牌意代表事情发展过程中的障碍与短处，第三张塔罗牌圣杯十 逆位牌意代表事情发展的结果，第四张塔罗牌宝剑皇后 正位牌意代表事情发展过程中应该用的方式方法以及建议，在综合用这四张张牌塔罗牌$&，$&，$&，$&解释多久能中500万？
[2024-07-26T17:13:09.749] [INFO] AI - ai回复为要理解时间来决定如何使用这四个牌牌，我们需要考虑具体情况。首先，这四种牌在解读时都可能有特定的意义。

1. 星币五：这张牌可能预示着当前情况中的某些问题或障碍需要解决，因此需要尽快行动以获得进展。

2. 星币国王：这可能暗示存在一些发展阻碍，需要花费时间和精力去克服这些障碍，但最终的结果是明确且可以控制的。

3. 圣杯十：这可能暗示你有一个成功的道路正在等待你，同时也可能暗示有一些失败的地方需要面对和改进。

4. 宝剑皇后：这可能是一个艰难而有益的机会，可以帮助你在过程中不断学习并成长。

然而，为了判断最终成功的机会大小，我们还需要考虑到你的个人目标、资源限制和未来的决策。

总的来说，这张牌组的意义取决于你的具体需求和目标。如果你打算通过塔罗牌来解决当前的问题，那么你可以认为这是适合你的一张牌组。如果你希望在一个良好的环境中，例如工作或家庭生活，那么可能需要另外一张牌来引导你的选择。你需要根据自己的实际情况和目标来做出决定。
