[2022-11-01T18:55:02.575] [INFO] db - 账户onepiese申请登录,申请结果为:登录成功
[2022-11-01T23:43:01.824] [INFO] db - 账户onepiese申请登录,申请结果为:登录成功
[2022-11-02T21:04:02.318] [INFO] db - 账户onepiese申请登录,申请结果为:登录成功
[2022-11-03T13:54:36.707] [INFO] db - 账户onepiese申请登录,申请结果为:登录成功
[2022-11-03T13:57:36.475] [INFO] db - 账户onepiese申请登录,申请结果为:登录成功
[2022-11-03T14:09:28.927] [INFO] db - 账户onepiese申请登录,申请结果为:登录成功
[2022-11-03T17:11:48.920] [INFO] db - 账户onepiese申请登录,申请结果为:登录成功
[2022-11-03T19:11:13.486] [INFO] db - 账户onepiese申请登录,申请结果为:登录成功
[2022-11-03T19:21:53.875] [INFO] db - 账户onepiese申请登录,申请结果为:登录成功
[2022-11-04T19:31:09.928] [INFO] db - 账户onepiese申请登录,申请结果为:登录成功
[2022-11-07T21:48:15.098] [INFO] db - 账户onepiese申请登录,申请结果为:登录成功
[2022-11-08T15:41:17.111] [INFO] db - 账户onepiese申请登录,申请结果为:登录成功
[2022-11-09T14:44:36.544] [INFO] db - 账户onepiese申请登录,申请结果为:登录成功
[2022-11-09T16:55:33.561] [INFO] db - 账户onepiese申请登录,申请结果为:登录成功
[2022-11-12T19:29:45.640] [INFO] db - 账户onepiese申请登录,申请结果为:登录成功
[2022-11-13T17:29:26.141] [INFO] db - 账户onepiese申请登录,申请结果为:登录成功
[2022-11-13T20:50:05.319] [INFO] db - 账户onepiese申请登录,申请结果为:登录成功
[2022-11-13T21:54:59.306] [INFO] db - 账户onepiese申请登录,申请结果为:登录成功
[2022-11-13T21:55:05.393] [INFO] db - 账户onepiese申请登录,申请结果为:登录成功
[2022-11-13T21:55:07.305] [INFO] db - 账户onepiese申请登录,申请结果为:登录成功
[2022-11-13T21:58:24.374] [INFO] db - 账户onepiese申请登录,申请结果为:登录成功
[2022-11-15T22:11:38.674] [INFO] db - 账户onepiese申请登录,申请结果为:登录成功
[2022-11-16T13:08:34.848] [INFO] db - 账户onepiese申请登录,申请结果为:登录成功
[2022-11-16T13:33:26.870] [INFO] db - 账户onepiese申请登录,申请结果为:登录成功
[2022-11-16T19:47:03.093] [INFO] db - 账户onepiese申请登录,申请结果为:登录成功
[2022-11-17T17:38:33.235] [INFO] db - 账户onepiese申请登录,申请结果为:登录成功
[2022-11-17T20:12:58.862] [INFO] db - 账户onepiese申请登录,申请结果为:登录成功
[2022-11-17T23:02:26.706] [INFO] db - 账户onepiese申请登录,申请结果为:登录成功
[2022-11-18T11:27:54.220] [INFO] db - 账户onepiese申请登录,申请结果为:登录成功
[2022-11-18T15:27:08.984] [INFO] db - 账户onepiese申请登录,申请结果为:登录成功
[2022-11-18T19:23:59.138] [INFO] db - 账户onepiese申请登录,申请结果为:登录成功
[2022-11-18T21:46:34.389] [INFO] db - 账户onepiese申请登录,申请结果为:登录成功
[2022-11-19T12:44:07.623] [INFO] db - 账户onepiese申请登录,申请结果为:登录成功
[2022-11-28T16:20:14.839] [INFO] db - 账户onepiese申请登录,申请结果为:登录成功
[2022-11-29T18:17:16.540] [INFO] db - 账户onepiese申请登录,申请结果为:登录成功
[2022-11-30T12:58:32.214] [INFO] db - 账户onepiese申请登录,申请结果为:登录成功
[2022-12-01T10:04:27.574] [INFO] db - 账户onepiese申请登录,申请结果为:登录成功
[2022-12-01T19:51:52.095] [INFO] db - 账户onepiese申请登录,申请结果为:登录成功
[2022-12-06T15:48:17.478] [INFO] db - 账户onepiese申请登录,申请结果为:登录成功
[2022-12-13T15:01:02.674] [INFO] db - 账户onepiese申请登录,申请结果为:登录成功
[2022-12-31T15:52:02.582] [INFO] db - 账户onepiese申请登录,申请结果为:登录成功
[2023-01-10T14:23:52.406] [INFO] db - 账户onepies申请登录,申请结果为:密码错误或账号不存在
[2023-01-10T14:23:53.780] [INFO] db - 账户onepies申请登录,申请结果为:密码错误或账号不存在
[2023-01-10T14:23:56.506] [INFO] db - 账户onepiese申请登录,申请结果为:登录成功
[2023-02-16T16:24:42.682] [INFO] db - 账户admin申请登录,申请结果为:密码错误或账号不存在
[2023-02-16T16:24:49.728] [INFO] db - 账户admin申请登录,申请结果为:密码错误或账号不存在
[2023-02-16T16:24:57.160] [INFO] db - 账户admin6申请登录,申请结果为:密码错误或账号不存在
[2023-02-23T11:01:11.187] [INFO] db - 账户admin6申请登录,申请结果为:密码错误或账号不存在
[2023-02-23T11:01:13.230] [INFO] db - 账户admin6申请登录,申请结果为:密码错误或账号不存在
[2023-02-23T11:01:15.548] [INFO] db - 账户admin6申请登录,申请结果为:密码错误或账号不存在
[2023-02-23T11:01:15.757] [INFO] db - 账户admin6申请登录,申请结果为:密码错误或账号不存在
[2023-02-23T11:01:20.473] [INFO] db - 账户admin6申请登录,申请结果为:密码错误或账号不存在
[2023-02-23T11:01:23.207] [INFO] db - 账户admin6申请登录,申请结果为:密码错误或账号不存在
[2023-02-23T11:01:26.357] [INFO] db - 账户admin6申请登录,申请结果为:密码错误或账号不存在
[2023-02-23T11:01:29.012] [INFO] db - 账户admin6申请登录,申请结果为:密码错误或账号不存在
[2023-02-23T11:01:29.793] [INFO] db - 账户admin6申请登录,申请结果为:密码错误或账号不存在
[2023-02-23T11:01:30.448] [INFO] db - 账户admin6申请登录,申请结果为:密码错误或账号不存在
[2023-02-23T11:04:35.920] [INFO] db - 账户admin申请登录,申请结果为:密码错误或账号不存在
[2023-02-23T11:04:51.282] [INFO] db - 账户admin申请登录,申请结果为:密码错误或账号不存在
[2023-02-23T11:04:58.559] [INFO] db - 账户admin6申请登录,申请结果为:密码错误或账号不存在
[2023-02-23T11:13:31.075] [INFO] db - 账户onepiese申请登录,申请结果为:密码错误或账号不存在
[2023-02-23T11:13:40.279] [INFO] db - 账户onepiese申请登录,申请结果为:登录成功
[2023-02-24T08:50:26.708] [INFO] db - 账户onepiese申请登录,申请结果为:登录成功
[2023-02-26T08:40:37.414] [INFO] db - 账户onepiese申请登录,申请结果为:登录成功
[2023-04-11T11:52:49.887] [INFO] db - 账户onepiese申请登录,申请结果为:登录成功
[2023-04-20T12:26:36.243] [INFO] db - 账户onepiese申请登录,申请结果为:登录成功
[2023-04-28T09:26:01.869] [INFO] db - 账户onepiese申请登录,申请结果为:登录成功
[2023-04-29T12:24:56.507] [INFO] db - 账户onepiese申请登录,申请结果为:登录成功
[2023-05-02T09:40:03.824] [INFO] db - 账户onepiese申请登录,申请结果为:登录成功
[2023-05-03T20:56:17.763] [INFO] db - 账户onepiese申请登录,申请结果为:登录成功
[2023-05-04T10:33:11.499] [INFO] db - 账户onepiese申请登录,申请结果为:登录成功
[2023-05-04T17:06:06.511] [INFO] db - 账户onepiese申请登录,申请结果为:登录成功
[2023-05-04T17:12:45.416] [INFO] db - 账户onepiese申请登录,申请结果为:登录成功
[2023-05-04T17:22:37.288] [INFO] db - 账户onepiese申请登录,申请结果为:登录成功
[2023-05-05T13:41:12.895] [INFO] db - 账户onepiese申请登录,申请结果为:登录成功
[2023-05-06T19:52:25.240] [INFO] db - 账户onepiese申请登录,申请结果为:登录成功
[2023-05-07T16:08:13.889] [INFO] db - 账户onepiese申请登录,申请结果为:登录成功
[2023-05-08T14:33:02.632] [INFO] db - 账户onepiese申请登录,申请结果为:登录成功
[2023-05-08T14:33:02.635] [INFO] db - 账户onepiese申请登录,申请结果为:登录成功
[2023-05-11T19:32:26.165] [INFO] db - 账户onepiese申请登录,申请结果为:登录成功
[2023-05-29T17:58:18.200] [INFO] db - 账户onepiese申请登录,申请结果为:登录成功
[2023-06-06T14:49:08.139] [INFO] db - 账户onepiese申请登录,申请结果为:登录成功
[2023-06-07T20:00:26.778] [INFO] db - 账户onepiese申请登录,申请结果为:登录成功
[2023-06-08T20:31:06.383] [INFO] db - 账户onepiese申请登录,申请结果为:登录成功
[2023-06-09T12:38:51.504] [INFO] db - 账户onepiese申请登录,申请结果为:登录成功
[2023-06-09T17:58:42.075] [INFO] db - 账户onepiese申请登录,申请结果为:登录成功
[2023-06-11T14:14:56.632] [INFO] db - 账户onepiese申请登录,申请结果为:登录成功
[2023-06-12T14:35:35.168] [INFO] db - 账户onepiese申请登录,申请结果为:登录成功
[2023-06-12T17:33:07.977] [INFO] db - 账户onepiese申请登录,申请结果为:登录成功
[2023-06-13T23:10:44.495] [INFO] db - 账户onepiese申请登录,申请结果为:登录成功
[2023-06-15T15:28:03.474] [INFO] db - 账户onepiese申请登录,申请结果为:登录成功
[2023-06-16T17:57:30.871] [INFO] db - 账户onepiese申请登录,申请结果为:登录成功
[2023-06-17T13:07:11.543] [INFO] db - 账户onepiese申请登录,申请结果为:登录成功
[2023-06-17T22:42:27.836] [INFO] db - 账户onepiese申请登录,申请结果为:登录成功
[2023-06-18T10:27:26.537] [INFO] db - 账户onepiese申请登录,申请结果为:登录成功
[2023-06-19T12:20:32.320] [INFO] db - 账户onepiese申请登录,申请结果为:登录成功
[2023-06-21T14:13:47.778] [INFO] db - 账户onepiese申请登录,申请结果为:登录成功
[2023-06-21T20:31:20.275] [INFO] db - 账户onepiese申请登录,申请结果为:登录成功
[2023-06-22T11:33:20.520] [INFO] db - 账户onepiese申请登录,申请结果为:登录成功
[2023-06-23T10:33:42.090] [INFO] db - 账户onepiese申请登录,申请结果为:登录成功
[2023-06-24T11:20:51.973] [INFO] db - 账户onepiese申请登录,申请结果为:登录成功
[2023-06-28T10:13:08.060] [INFO] db - 账户onepiese申请登录,申请结果为:登录成功
